---------------------------------------------------
  Starting Meetecho Janus (WebRTC Server) v0.6.2
---------------------------------------------------

Checking command line arguments...
Debug/log level is 4
Debug/log timestamps are disabled
Debug/log colors are enabled
Adding 'vmnet' to the ICE ignore list...
Using 192.168.1.175 as local IP...
[33m[WARN][0m Token based authentication disabled
Initializing recorder code
Initializing ICE stuff (Full mode, ICE-TCP candidates disabled, half-trickle, IPv6 support disabled)
TURN REST API backend: (disabled)
[33m[WARN][0m Janus is deployed on a private address (192.168.1.175) but you didn't specify any STUN server! Expect trouble if this is supposed to work over the internet and not just in a LAN...
Crypto: OpenSSL pre-1.1.0
[33m[WARN][0m The libsrtp installation does not support AES-GCM profiles
Fingerprint of our certificate: D2:B9:31:8F:DF:24:D8:0E:ED:D2:EF:25:9E:AF:6F:B8:34:AE:53:9C:E6:F3:8F:F2:64:15:FA:E8:7F:53:2D:38
[33m[WARN][0m Event handlers support disabled
Plugins folder: /opt/janus/lib/janus/plugins
Loading plugin 'libjanus_echotest.so'...
JANUS EchoTest plugin initialized!
Loading plugin 'libjanus_textroom.so'...
Joining Janus requests handler thread
Sessions watchdog started
JANUS TextRoom plugin initialized!
Loading plugin 'libjanus_sip.so'...
JANUS SIP plugin initialized!
Loading plugin 'libjanus_videocall.so'...
JANUS VideoCall plugin initialized!
Loading plugin 'libjanus_voicemail.so'...
JANUS VoiceMail plugin initialized!
Loading plugin 'libjanus_recordplay.so'...
JANUS Record&Play plugin initialized!
Loading plugin 'libjanus_nosip.so'...
JANUS NoSIP plugin initialized!
Loading plugin 'libjanus_videoroom.so'...
JANUS VideoRoom plugin initialized!
Loading plugin 'libjanus_streaming.so'...
JANUS Streaming plugin initialized!
Loading plugin 'libjanus_audiobridge.so'...
JANUS AudioBridge plugin initialized!
Transport plugins folder: /opt/janus/lib/janus/transports
Loading transport plugin 'libjanus_websockets.so'...
[33m[WARN][0m libwebsockets has been built without IPv6 support, will bind to IPv4 only
libwebsockets logging: 0
WebSockets server started (port 8188)...
Secure WebSockets server started (port 8989)...
Admin WebSockets server started (port 7188)...
Secure Admin WebSockets server started (port 7189)...
JANUS WebSockets transport plugin initialized!
Loading transport plugin 'libjanus_pfunix.so'...
WebSockets thread started
[33m[WARN][0m Unix Sockets server disabled (Janus API)
[33m[WARN][0m Unix Sockets server disabled (Admin API)
[33m[WARN][0m No Unix Sockets server started, giving up...
[33m[WARN][0m The 'janus.transport.pfunix' plugin could not be initialized
Loading transport plugin 'libjanus_http.so'...
HTTP webserver started (port 8088, /janus path listener)...
HTTPS webserver started (port 8089, /janus path listener)...
Admin/monitor HTTP webserver started (port 7088, /admin path listener)...
Admin/monitor HTTPS webserver started (port 7089, /admin path listener)...
JANUS REST (HTTP/HTTPS) transport plugin initialized!
[rtsp-test] New audio stream! (ssrc=909639963)
[rtsp-test] New video stream! (ssrc=96304298, index 0)
---------------------------------------------------
  Starting Meetecho Janus (WebRTC Server) v0.6.2
---------------------------------------------------

Checking command line arguments...
Debug/log level is 4
Debug/log timestamps are disabled
Debug/log colors are enabled
Adding 'vmnet' to the ICE ignore list...
Using 192.168.1.175 as local IP...
[33m[WARN][0m Token based authentication disabled
Initializing recorder code
Initializing ICE stuff (Full mode, ICE-TCP candidates disabled, half-trickle, IPv6 support disabled)
TURN REST API backend: (disabled)
[33m[WARN][0m Janus is deployed on a private address (192.168.1.175) but you didn't specify any STUN server! Expect trouble if this is supposed to work over the internet and not just in a LAN...
Crypto: OpenSSL pre-1.1.0
[33m[WARN][0m The libsrtp installation does not support AES-GCM profiles
Fingerprint of our certificate: D2:B9:31:8F:DF:24:D8:0E:ED:D2:EF:25:9E:AF:6F:B8:34:AE:53:9C:E6:F3:8F:F2:64:15:FA:E8:7F:53:2D:38
[33m[WARN][0m Event handlers support disabled
Plugins folder: /opt/janus/lib/janus/plugins
Joining Janus requests handler thread
Loading plugin 'libjanus_echotest.so'...
Sessions watchdog started
JANUS EchoTest plugin initialized!
Loading plugin 'libjanus_textroom.so'...
JANUS TextRoom plugin initialized!
Loading plugin 'libjanus_sip.so'...
JANUS SIP plugin initialized!
Loading plugin 'libjanus_videocall.so'...
JANUS VideoCall plugin initialized!
Loading plugin 'libjanus_voicemail.so'...
JANUS VoiceMail plugin initialized!
Loading plugin 'libjanus_recordplay.so'...
JANUS Record&Play plugin initialized!
Loading plugin 'libjanus_nosip.so'...
JANUS NoSIP plugin initialized!
Loading plugin 'libjanus_videoroom.so'...
JANUS VideoRoom plugin initialized!
Loading plugin 'libjanus_streaming.so'...
JANUS Streaming plugin initialized!
Loading plugin 'libjanus_audiobridge.so'...
JANUS AudioBridge plugin initialized!
Transport plugins folder: /opt/janus/lib/janus/transports
Loading transport plugin 'libjanus_websockets.so'...
[33m[WARN][0m libwebsockets has been built without IPv6 support, will bind to IPv4 only
libwebsockets logging: 0
WebSockets server started (port 8188)...
[33m[WARN][0m Secure WebSockets server disabled
Admin WebSockets server started (port 7188)...
[33m[WARN][0m Secure Admin WebSockets server disabled
JANUS WebSockets transport plugin initialized!
Loading transport plugin 'libjanus_pfunix.so'...
WebSockets thread started
[33m[WARN][0m Unix Sockets server disabled (Janus API)
[33m[WARN][0m Unix Sockets server disabled (Admin API)
[33m[WARN][0m No Unix Sockets server started, giving up...
[33m[WARN][0m The 'janus.transport.pfunix' plugin could not be initialized
Loading transport plugin 'libjanus_http.so'...
HTTP webserver started (port 8088, /janus path listener)...
[33m[WARN][0m HTTPS webserver disabled
Admin/monitor HTTP webserver started (port 7088, /admin path listener)...
[33m[WARN][0m Admin/monitor HTTPS webserver disabled
JANUS REST (HTTP/HTTPS) transport plugin initialized!
[rtsp-test] New video stream! (ssrc=1787186610, index 0)
[rtsp-test] New audio stream! (ssrc=378240173)
Creating new session: 6633316204136106; 0x7fa09c001a90
Creating new handle in session 6633316204136106: 7426290912469613; 0x7fa09c001a90 0x7fa09c0023f0
[7426290912469613] Creating ICE agent (ICE Full mode, controlling)
[7426290912469613] The DTLS handshake has been completed
[janus.plugin.streaming-0x7fa09c0021f0] WebRTC media is now available
Destroying session 6633316204136106; 0x7fa09c001a90
Detaching handle from JANUS Streaming plugin; 0x7fa09c0023f0 0x7fa09c0021f0 0x7fa09c0023f0 0x7fa09c002220
[janus.plugin.streaming-0x7fa09c0021f0] No WebRTC media anymore
[7426290912469613] WebRTC resources freed; 0x7fa09c0023f0 0x7fa09c001a90
[7426290912469613] Handle and related resources freed; 0x7fa09c0023f0 0x7fa09c001a90
